<?xml version="1.0" encoding="UTF-8"?>
<!-- Generated by org.testng.reporters.JUnitReportReporter -->
<testsuite skipped="0" hostname="G1C2ML14375" name="com.bookmyroom.testng.SignUpTest" tests="6" failures="0" timestamp="22 Sep 2018 11:00:00 GMT" time="30.591" errors="0">
  <testcase name="signUpTest" time="3.664" classname="com.bookmyroom.testng.SignUpTest"/>
  <testcase name="signUpTest" time="4.066" classname="com.bookmyroom.testng.SignUpTest"/>
  <testcase name="signUpTest" time="3.762" classname="com.bookmyroom.testng.SignUpTest"/>
  <testcase name="signUpTest" time="10.876" classname="com.bookmyroom.testng.SignUpTest"/>
  <testcase name="signUpTest" time="3.732" classname="com.bookmyroom.testng.SignUpTest"/>
  <testcase name="signUpTest" time="4.491" classname="com.bookmyroom.testng.SignUpTest"/>
</testsuite> <!-- com.bookmyroom.testng.SignUpTest -->
