<?xml version="1.0" encoding="UTF-8"?>
<!-- Generated by org.testng.reporters.JUnitReportReporter -->
<testsuite skipped="0" hostname="G1C2ML15656" name="com.bookmyroom.testng.ApplicationTest" tests="6" failures="0" timestamp="21 Sep 2018 07:23:40 GMT" time="36.314" errors="0">
  <testcase name="signUpTest" time="12.108" classname="com.bookmyroom.testng.ApplicationTest"/>
  <testcase name="signUpTest" time="4.623" classname="com.bookmyroom.testng.ApplicationTest"/>
  <testcase name="signUpTest" time="4.450" classname="com.bookmyroom.testng.ApplicationTest"/>
  <testcase name="signUpTest" time="4.555" classname="com.bookmyroom.testng.ApplicationTest"/>
  <testcase name="signUpTest" time="5.405" classname="com.bookmyroom.testng.ApplicationTest"/>
  <testcase name="signUpTest" time="5.173" classname="com.bookmyroom.testng.ApplicationTest"/>
</testsuite> <!-- com.bookmyroom.testng.ApplicationTest -->
